1514883405154	geckodriver	INFO	geckodriver 0.19.1
1514883405184	geckodriver	INFO	Listening on 127.0.0.1:1138
1514883407280	mozrunner::runner	INFO	Running command: "C:\\Program Files (x86)\\Mozilla Firefox\\firefox.exe" "-marionette" "-profile" "C:\\Users\\fengjing\\AppData\\Local\\Temp\\rust_mozprofile.O8FoXsJg1qAR"
1514883407878	Marionette	INFO	Enabled via --marionette
Unable to read VR Path Registry from C:\Users\fengjing\AppData\Local\openvr\openvrpaths.vrpath
[Child 21908, Chrome_ChildThread] WARNING: pipe error: 109: file z:/build/build/src/ipc/chromium/src/chrome/common/ipc_channel_win.cc, line 346
[Child 21908, Chrome_ChildThread] WARNING: pipe error: 109: file z:/build/build/src/ipc/chromium/src/chrome/common/ipc_channel_win.cc, line 346
1514883408725	Marionette	INFO	Listening on port 1147
1514883408947	Marionette	WARN	TLS certificate errors will be ignored for this session
1514883408983	Marionette	DEBUG	Register listener.js for window 4294967297
1514883409003	Marionette	DEBUG	Received DOM event "beforeunload" for "about:blank"
1514883409677	Marionette	DEBUG	Received DOM event "pagehide" for "about:blank"
1514883409677	Marionette	DEBUG	Received DOM event "unload" for "about:blank"
1514883410045	Marionette	DEBUG	Received DOM event "DOMContentLoaded" for "https://www.douyu.com/pigff"
1514883410272	Marionette	DEBUG	Received DOM event "pageshow" for "https://www.douyu.com/pigff"
1514883431475	Marionette	DEBUG	Register listener.js for window 4294967302
1514883431504	Marionette	DEBUG	Register listener.js for window 4294967305
1514883445678	Marionette	DEBUG	Register listener.js for window 4294967308
1514883525379	geckodriver	INFO	geckodriver 0.19.1
1514883525405	geckodriver	INFO	Listening on 127.0.0.1:1659
1514883527497	mozrunner::runner	INFO	Running command: "C:\\Program Files (x86)\\Mozilla Firefox\\firefox.exe" "-marionette" "-profile" "C:\\Users\\fengjing\\AppData\\Local\\Temp\\rust_mozprofile.fJCL5QrDahOp"
1514883527881	Marionette	INFO	Enabled via --marionette
Unable to read VR Path Registry from C:\Users\fengjing\AppData\Local\openvr\openvrpaths.vrpath
[Child 20784, Chrome_ChildThread] WARNING: pipe error: 109: file z:/build/build/src/ipc/chromium/src/chrome/common/ipc_channel_win.cc, line 346
[Child 20784, Chrome_ChildThread] WARNING: pipe error: 109: file z:/build/build/src/ipc/chromium/src/chrome/common/ipc_channel_win.cc, line 346
1514883528708	Marionette	INFO	Listening on port 1670
1514883529019	Marionette	WARN	TLS certificate errors will be ignored for this session
1514883529052	Marionette	DEBUG	Register listener.js for window 4294967297
1514883529068	Marionette	DEBUG	Received DOM event "beforeunload" for "about:blank"
1514883529491	Marionette	DEBUG	Received DOM event "pagehide" for "about:blank"
1514883529491	Marionette	DEBUG	Received DOM event "unload" for "about:blank"
1514883529849	Marionette	DEBUG	Received DOM event "DOMContentLoaded" for "https://www.douyu.com/kpl"
1514883530167	Marionette	DEBUG	Received DOM event "pageshow" for "https://www.douyu.com/kpl"
Unable to read VR Path Registry from C:\Users\fengjing\AppData\Local\openvr\openvrpaths.vrpath
JavaScript warning: https://static.fengkongcloud.com/fpv2.js, line 1: unreachable code after return statement
JavaScript warning: https://static.fengkongcloud.com/fpv2.js, line 1: unreachable code after return statement
JavaScript warning: https://static.fengkongcloud.com/fpv2.js, line 1: unreachable code after return statement
JavaScript warning: https://static.fengkongcloud.com/fpv2.js, line 1: unreachable code after return statement
JavaScript warning: https://static.fengkongcloud.com/fpv2.js, line 1: unreachable code after return statement
JavaScript warning: https://static.fengkongcloud.com/fpv2.js, line 1: unreachable code after return statement
JavaScript warning: https://static.fengkongcloud.com/fpv2.js, line 1: unreachable code after return statement
JavaScript warning: https://static.fengkongcloud.com/fpv2.js, line 1: unreachable code after return statement
JavaScript warning: https://static.fengkongcloud.com/fpv2.js, line 1: unreachable code after return statement
JavaScript warning: https://static.fengkongcloud.com/fpv2.js, line 1: unreachable code after return statement
JavaScript warning: https://static.fengkongcloud.com/fpv2.js, line 1: unreachable code after return statement
JavaScript warning: https://static.fengkongcloud.com/fpv2.js, line 1: unreachable code after return statement
JavaScript warning: https://static.fengkongcloud.com/fpv2.js, line 1: unreachable code after return statement
JavaScript warning: https://static.fengkongcloud.com/fpv2.js, line 1: unreachable code after return statement
JavaScript warning: https://static.fengkongcloud.com/fpv2.js, line 1: unreachable code after return statement
JavaScript warning: https://static.fengkongcloud.com/fpv2.js, line 1: unreachable code after return statement
JavaScript warning: https://static.fengkongcloud.com/fpv2.js, line 1: unreachable code after return statement
JavaScript warning: https://static.fengkongcloud.com/fpv2.js, line 1: unreachable code after return statement
JavaScript warning: https://static.fengkongcloud.com/fpv2.js, line 1: unreachable code after return statement
JavaScript warning: https://static.fengkongcloud.com/fpv2.js, line 1: unreachable code after return statement
JavaScript warning: https://static.fengkongcloud.com/fpv2.js, line 1: unreachable code after return statement
JavaScript warning: https://static.fengkongcloud.com/fpv2.js, line 1: unreachable code after return statement
JavaScript warning: https://static.fengkongcloud.com/fpv2.js, line 1: unreachable code after return statement
JavaScript warning: https://static.fengkongcloud.com/fpv2.js, line 1: unreachable code after return statement
JavaScript warning: https://static.fengkongcloud.com/fpv2.js, line 1: unreachable code after return statement
JavaScript warning: https://static.fengkongcloud.com/fpv2.js, line 1: unreachable code after return statement
JavaScript warning: https://static.fengkongcloud.com/fpv2.js, line 1: unreachable code after return statement
JavaScript warning: https://static.fengkongcloud.com/fpv2.js, line 1: unreachable code after return statement
JavaScript warning: https://static.fengkongcloud.com/fpv2.js, line 1: unreachable code after return statement
JavaScript warning: https://static.fengkongcloud.com/fpv2.js, line 1: unreachable code after return statement
JavaScript warning: https://static.fengkongcloud.com/fpv2.js, line 1: unreachable code after return statement
JavaScript warning: https://static.fengkongcloud.com/fpv2.js, line 1: unreachable code after return statement
JavaScript warning: https://static.fengkongcloud.com/fpv2.js, line 1: unreachable code after return statement
JavaScript warning: https://static.fengkongcloud.com/fpv2.js, line 1: unreachable code after return statement
JavaScript warning: https://static.fengkongcloud.com/fpv2.js, line 1: unreachable code after return statement
JavaScript warning: https://static.fengkongcloud.com/fpv2.js, line 1: unreachable code after return statement
1514883558517	Marionette	DEBUG	Register listener.js for window 4294967313
1514883558772	Marionette	DEBUG	Register listener.js for window 8589934593
Unable to read VR Path Registry from C:\Users\fengjing\AppData\Local\openvr\openvrpaths.vrpath
JavaScript warning: https://static.fengkongcloud.com/fpv2.js, line 1: unreachable code after return statement
JavaScript warning: https://static.fengkongcloud.com/fpv2.js, line 1: unreachable code after return statement
JavaScript warning: https://static.fengkongcloud.com/fpv2.js, line 1: unreachable code after return statement
JavaScript warning: https://static.fengkongcloud.com/fpv2.js, line 1: unreachable code after return statement
JavaScript warning: https://static.fengkongcloud.com/fpv2.js, line 1: unreachable code after return statement
JavaScript warning: https://static.fengkongcloud.com/fpv2.js, line 1: unreachable code after return statement
JavaScript warning: https://static.fengkongcloud.com/fpv2.js, line 1: unreachable code after return statement
JavaScript warning: https://static.fengkongcloud.com/fpv2.js, line 1: unreachable code after return statement
JavaScript warning: https://static.fengkongcloud.com/fpv2.js, line 1: unreachable code after return statement
JavaScript warning: https://static.fengkongcloud.com/fpv2.js, line 1: unreachable code after return statement
JavaScript warning: https://static.fengkongcloud.com/fpv2.js, line 1: unreachable code after return statement
JavaScript warning: https://static.fengkongcloud.com/fpv2.js, line 1: unreachable code after return statement
JavaScript warning: https://static.fengkongcloud.com/fpv2.js, line 1: unreachable code after return statement
JavaScript warning: https://static.fengkongcloud.com/fpv2.js, line 1: unreachable code after return statement
JavaScript warning: https://static.fengkongcloud.com/fpv2.js, line 1: unreachable code after return statement
JavaScript warning: https://static.fengkongcloud.com/fpv2.js, line 1: unreachable code after return statement
JavaScript warning: https://static.fengkongcloud.com/fpv2.js, line 1: unreachable code after return statement
JavaScript warning: https://static.fengkongcloud.com/fpv2.js, line 1: unreachable code after return statement
JavaScript warning: https://static.fengkongcloud.com/fpv2.js, line 1: unreachable code after return statement
JavaScript warning: https://static.fengkongcloud.com/fpv2.js, line 1: unreachable code after return statement
JavaScript warning: https://static.fengkongcloud.com/fpv2.js, line 1: unreachable code after return statement
JavaScript warning: https://static.fengkongcloud.com/fpv2.js, line 1: unreachable code after return statement
JavaScript warning: https://static.fengkongcloud.com/fpv2.js, line 1: unreachable code after return statement
JavaScript warning: https://static.fengkongcloud.com/fpv2.js, line 1: unreachable code after return statement
JavaScript warning: https://static.fengkongcloud.com/fpv2.js, line 1: unreachable code after return statement
JavaScript warning: https://static.fengkongcloud.com/fpv2.js, line 1: unreachable code after return statement
JavaScript warning: https://static.fengkongcloud.com/fpv2.js, line 1: unreachable code after return statement
JavaScript warning: https://static.fengkongcloud.com/fpv2.js, line 1: unreachable code after return statement
JavaScript warning: https://static.fengkongcloud.com/fpv2.js, line 1: unreachable code after return statement
JavaScript warning: https://static.fengkongcloud.com/fpv2.js, line 1: unreachable code after return statement
JavaScript warning: https://static.fengkongcloud.com/fpv2.js, line 1: unreachable code after return statement
JavaScript warning: https://static.fengkongcloud.com/fpv2.js, line 1: unreachable code after return statement
JavaScript warning: https://static.fengkongcloud.com/fpv2.js, line 1: unreachable code after return statement
JavaScript warning: https://static.fengkongcloud.com/fpv2.js, line 1: unreachable code after return statement
JavaScript warning: https://static.fengkongcloud.com/fpv2.js, line 1: unreachable code after return statement
JavaScript warning: https://static.fengkongcloud.com/fpv2.js, line 1: unreachable code after return statement
JavaScript warning: https://static.fengkongcloud.com/fpv2.js, line 1: unreachable code after return statement
JavaScript warning: https://static.fengkongcloud.com/fpv2.js, line 1: unreachable code after return statement
Unable to read VR Path Registry from C:\Users\fengjing\AppData\Local\openvr\openvrpaths.vrpath
[Parent 24544, Gecko_IOThread] WARNING: pipe error: 109: file z:/build/build/src/ipc/chromium/src/chrome/common/ipc_channel_win.cc, line 346
[Parent 24544, Gecko_IOThread] WARNING: pipe error: 109: file z:/build/build/src/ipc/chromium/src/chrome/common/ipc_channel_win.cc, line 346
[Child 10608, Chrome_ChildThread] WARNING: pipe error: 109: file z:/build/build/src/ipc/chromium/src/chrome/common/ipc_channel_win.cc, line 346
[Child 10608, Chrome_ChildThread] WARNING: pipe error: 109: file z:/build/build/src/ipc/chromium/src/chrome/common/ipc_channel_win.cc, line 346
[Child 5308, Chrome_ChildThread] WARNING: pipe error: 109: file z:/build/build/src/ipc/chromium/src/chrome/common/ipc_channel_win.cc, line 346
[Child 5308, Chrome_ChildThread] WARNING: pipe error: 109: file z:/build/build/src/ipc/chromium/src/chrome/common/ipc_channel_win.cc, line 346
Unable to read VR Path Registry from C:\Users\fengjing\AppData\Local\openvr\openvrpaths.vrpath
[Child 9000, Chrome_ChildThread] WARNING: pipe error: 109: file z:/build/build/src/ipc/chromium/src/chrome/common/ipc_channel_win.cc, line 346
[Child 9000, Chrome_ChildThread] WARNING: pipe error: 109: file z:/build/build/src/ipc/chromium/src/chrome/common/ipc_channel_win.cc, line 346

###!!! [Child][MessageChannel::SendAndWait] Error: Channel error: cannot send/recv

1514883637921	geckodriver	INFO	geckodriver 0.19.1
1514883637947	geckodriver	INFO	Listening on 127.0.0.1:2159
1514883640019	mozrunner::runner	INFO	Running command: "C:\\Program Files (x86)\\Mozilla Firefox\\firefox.exe" "-marionette" "-profile" "C:\\Users\\fengjing\\AppData\\Local\\Temp\\rust_mozprofile.9ZkdQGSlPojQ"
1514883640432	Marionette	INFO	Enabled via --marionette
1514883641209	Marionette	INFO	Listening on port 2168
1514883641539	Marionette	WARN	TLS certificate errors will be ignored for this session
1514883641570	Marionette	DEBUG	Register listener.js for window 4294967297
1514883641584	Marionette	DEBUG	Received DOM event "beforeunload" for "about:blank"
1514883642022	Marionette	DEBUG	Received DOM event "pagehide" for "about:blank"
1514883642022	Marionette	DEBUG	Received DOM event "unload" for "about:blank"
1514883642425	Marionette	DEBUG	Received DOM event "DOMContentLoaded" for "https://www.douyu.com/kpl"
1514883642708	Marionette	DEBUG	Received DOM event "pageshow" for "https://www.douyu.com/kpl"
Unable to read VR Path Registry from C:\Users\fengjing\AppData\Local\openvr\openvrpaths.vrpath
JavaScript warning: https://staticlive.douyucdn.cn/common/js/jquery.min.js, line 1: Using //@ to indicate sourceMappingURL pragmas is deprecated. Use //# instead
JavaScript warning: https://staticlive.douyucdn.cn/common/js/common.js?v201707213v102957, line 4488: unreachable code after return statement
JavaScript warning: https://staticlive.douyucdn.cn/common/js/common.js?v201707213v102957, line 6321: unreachable code after return statement
JavaScript warning: https://yuba.douyu.com/static/js/components/dysDouyutvYuba.js, line 4: unreachable code after return statement
IPDL protocol error: Handler returned error code!

###!!! [Parent][DispatchAsyncMessage] Error: PImageBridge::Msg_Update Processing error: message was deserialized, but the handler returned false (indicating failure)

[Child 11780, Chrome_ChildThread] WARNING: pipe error: 109: file z:/build/build/src/ipc/chromium/src/chrome/common/ipc_channel_win.cc, line 346
[NPAPI 18604, Chrome_ChildThread] WARNING: pipe error: 109: file z:/build/build/src/ipc/chromium/src/chrome/common/ipc_channel_win.cc, line 346
Unable to read VR Path Registry from C:\Users\fengjing\AppData\Local\openvr\openvrpaths.vrpath
[GPU 26404, Chrome_ChildThread] WARNING: pipe error: 109: file z:/build/build/src/ipc/chromium/src/chrome/common/ipc_channel_win.cc, line 346

###!!! [Child][MessageChannel::SendAndWait] Error: Channel error: cannot send/recv

c, line 346
[Child 21932, Chrome_ChildThread] WARNING: pipe error: 109: file z:/build/build/src/ipc/chromium/src/chrome/common/ipc_channel_win.cc, line 346
1514883779589	Marionette	INFO	Listening on port 2660
1514883779800	Marionette	WARN	TLS certificate errors will be ignored for this session
1514883779833	Marionette	DEBUG	Register listener.js for window 4294967297
1514883779861	Marionette	DEBUG	Received DOM event "beforeunload" for "about:blank"
1514883780299	Marionette	DEBUG	Received DOM event "pagehide" for "about:blank"
1514883780299	Marionette	DEBUG	Received DOM event "unload" for "about:blank"
1514883780903	Marionette	DEBUG	Received DOM event "DOMContentLoaded" for "https://www.douyu.com/kpl"
1514883781169	Marionette	DEBUG	Received DOM event "pageshow" for "https://www.douyu.com/kpl"
Unable to read VR Path Registry from C:\Users\fengjing\AppData\Local\openvr\openvrpaths.vrpath
JavaScript warning: https://yuba.douyu.com/static/js/components/dysDouyutvYuba.js, line 4: unreachable code after return statement
Unable to read VR Path Registry from C:\Users\fengjing\AppData\Local\openvr\openvrpaths.vrpath
[Child 27008, Chrome_ChildThread] WARNING: pipe error: 109: file z:/build/build/src/ipc/chromium/src/chrome/common/ipc_channel_win.cc, line 346
[Child 27008, Chrome_ChildThread] WARNING: pipe error: 109: file z:/build/build/src/ipc/chromium/src/chrome/common/ipc_channel_win.cc, line 346
[NPAPI 28112, Chrome_ChildThread] WARNING: pipe error: 109: file z:/build/build/src/ipc/chromium/src/chrome/common/ipc_channel_win.cc, line 346
Unable to read VR Path Registry from C:\Users\fengjing\AppData\Local\openvr\openvrpaths.vrpath
[GPU 27764, Chrome_ChildThread] WARNING: pipe error: 109: file z:/build/build/src/ipc/chromium/src/chrome/common/ipc_channel_win.cc, line 346

###!!! [Child][MessageChannel::SendAndWait] Error: Channel error: cannot send/recv

1514883879169	geckodriver	INFO	geckodriver 0.19.1
1514883879194	geckodriver	INFO	Listening on 127.0.0.1:2975
1514883881341	mozrunner::runner	INFO	Running command: "C:\\Program Files (x86)\\Mozilla Firefox\\firefox.exe" "-marionette" "-profile" "C:\\Users\\fengjing\\AppData\\Local\\Temp\\rust_mozprofile.YqnMvg0NZMnn"
1514883881742	Marionette	INFO	Enabled via --marionette
Unable to read VR Path Registry from C:\Users\fengjing\AppData\Local\openvr\openvrpaths.vrpath
[Child 23216, Chrome_ChildThread] WARNING: pipe error: 109: file z:/build/build/src/ipc/chromium/src/chrome/common/ipc_channel_win.cc, line 346
[Child 23216, Chrome_ChildThread] WARNING: pipe error: 109: file z:/build/build/src/ipc/chromium/src/chrome/common/ipc_channel_win.cc, line 346
1514883882566	Marionette	INFO	Listening on port 2985
1514883882856	Marionette	WARN	TLS certificate errors will be ignored for this session
1514883882886	Marionette	DEBUG	Register listener.js for window 4294967297
1514883882901	Marionette	DEBUG	Received DOM event "beforeunload" for "about:blank"
1514883883114	Marionette	DEBUG	Received DOM event "pagehide" for "about:blank"
1514883883114	Marionette	DEBUG	Received DOM event "unload" for "about:blank"
1514883884487	Marionette	DEBUG	Received DOM event "DOMContentLoaded" for "https://www.douyu.com/kpl"
1514883884696	Marionette	DEBUG	Received DOM event "pageshow" for "https://www.douyu.com/kpl"
Unable to read VR Path Registry from C:\Users\fengjing\AppData\Local\openvr\openvrpaths.vrpath
[Child 24908, Chrome_ChildThread] WARNING: pipe error: 109: file z:/build/build/src/ipc/chromium/src/chrome/common/ipc_channel_win.cc, line 346
[Child 24908, Chrome_ChildThread] WARNING: pipe error: 109: file z:/build/build/src/ipc/chromium/src/chrome/common/ipc_channel_win.cc, line 346
Unable to read VR Path Registry from C:\Users\fengjing\AppData\Local\openvr\openvrpaths.vrpath
[Parent 22608, Gecko_IOThread] WARNING: pipe error: 109: file z:/build/build/src/ipc/chromium/src/chrome/common/ipc_channel_win.cc, line 346
Unable to read VR Path Registry from C:\Users\fengjing\AppData\Local\openvr\openvrpaths.vrpath
[Child 27712, Chrome_ChildThread] WARNING: pipe error: 109: file z:/build/build/src/ipc/chromium/src/chrome/common/ipc_channel_win.cc, line 346
[Child 27712, Chrome_ChildThread] WARNING: pipe error: 109: file z:/build/build/src/ipc/chromium/src/chrome/common/ipc_channel_win.cc, line 346
Unable to read VR Path Registry from C:\Users\fengjing\AppData\Local\openvr\openvrpaths.vrpath
[Child 22416, Chrome_ChildThread] WARNING: pipe error: 109: file z:/build/build/src/ipc/chromium/src/chrome/common/ipc_channel_win.cc, line 346
[Child 22416, Chrome_ChildThread] WARNING: pipe error: 109: file z:/build/build/src/ipc/chromium/src/chrome/common/ipc_channel_win.cc, line 346
Unable to read VR Path Registry from C:\Users\fengjing\AppData\Local\openvr\openvrpaths.vrpath
[GPU 30788, Chrome_ChildThread] WARNING: pipe error: 109: file z:/build/build/src/ipc/chromium/src/chrome/common/ipc_channel_win.cc, line 346

###!!! [Child][MessageChannel::SendAndWait] Error: Channel error: cannot send/recv

\openvr\openvrpaths.vrpath
[Parent 25056, Gecko_IOThread] WARNING: pipe error: 109: file z:/build/build/src/ipc/chromium/src/chrome/common/ipc_channel_win.cc, line 346
Unable to read VR Path Registry from C:\Users\fengjing\AppData\Local\openvr\openvrpaths.vrpath
[Child 13120, Chrome_ChildThread] WARNING: pipe error: 109: file z:/build/build/src/ipc/chromium/src/chrome/common/ipc_channel_win.cc, line 346
[Child 13120, Chrome_ChildThread] WARNING: pipe error: 109: file z:/build/build/src/ipc/chromium/src/chrome/common/ipc_channel_win.cc, line 346
Unable to read VR Path Registry from C:\Users\fengjing\AppData\Local\openvr\openvrpaths.vrpath
[Child 29184, Chrome_ChildThread] WARNING: pipe error: 109: file z:/build/build/src/ipc/chromium/src/chrome/common/ipc_channel_win.cc, line 346
[Child 29184, Chrome_ChildThread] WARNING: pipe error: 109: file z:/build/build/src/ipc/chromium/src/chrome/common/ipc_channel_win.cc, line 346
*** UTM:SVC TimerManager:registerTimer called after profile-before-change notification. Ignoring timer registration for id: telemetry_modules_ping
Unable to read VR Path Registry from C:\Users\fengjing\AppData\Local\openvr\openvrpaths.vrpath
[GPU 1688, Chrome_ChildThread] WARNING: pipe error: 109: file z:/build/build/src/ipc/chromium/src/chrome/common/ipc_channel_win.cc, line 346

###!!! [Child][MessageChannel::SendAndWait] Error: Channel error: cannot send/recv

1514884097271	geckodriver	INFO	geckodriver 0.19.1
1514884097296	geckodriver	INFO	Listening on 127.0.0.1:3614
1514884099422	mozrunner::runner	INFO	Running command: "C:\\Program Files (x86)\\Mozilla Firefox\\firefox.exe" "-marionette" "-profile" "C:\\Users\\fengjing\\AppData\\Local\\Temp\\rust_mozprofile.IqP7pH6ErCvm"
1514884099799	Marionette	INFO	Enabled via --marionette
1514884100592	Marionette	INFO	Listening on port 3626
1514884100939	Marionette	WARN	TLS certificate errors will be ignored for this session
1514884100970	Marionette	DEBUG	Register listener.js for window 4294967297
1514884100983	Marionette	DEBUG	Received DOM event "beforeunload" for "about:blank"
1514884101466	Marionette	DEBUG	Received DOM event "pagehide" for "about:blank"
1514884101467	Marionette	DEBUG	Received DOM event "unload" for "about:blank"
1514884102001	Marionette	DEBUG	Received DOM event "DOMContentLoaded" for "https://www.douyu.com/kpl"
1514884102216	Marionette	DEBUG	Received DOM event "pageshow" for "https://www.douyu.com/kpl"
Unable to read VR Path Registry from C:\Users\fengjing\AppData\Local\openvr\openvrpaths.vrpath
[Parent 20080, Gecko_IOThread] WARNING: pipe error: 109: file z:/build/build/src/ipc/chromium/src/chrome/common/ipc_channel_win.cc, line 346
Unable to read VR Path Registry from C:\Users\fengjing\AppData\Local\openvr\openvrpaths.vrpath
[Child 20100, Chrome_ChildThread] WARNING: pipe error: 109: file z:/build/build/src/ipc/chromium/src/chrome/common/ipc_channel_win.cc, line 346
[Child 20100, Chrome_ChildThread] WARNING: pipe error: 109: file z:/build/build/src/ipc/chromium/src/chrome/common/ipc_channel_win.cc, line 346
Unable to read VR Path Registry from C:\Users\fengjing\AppData\Local\openvr\openvrpaths.vrpath
[Child 26804, Chrome_ChildThread] WARNING: pipe error: 109: file z:/build/build/src/ipc/chromium/src/chrome/common/ipc_channel_win.cc, line 346
[Child 26804, Chrome_ChildThread] WARNING: pipe error: 109: file z:/build/build/src/ipc/chromium/src/chrome/common/ipc_channel_win.cc, line 346
*** UTM:SVC TimerManager:registerTimer called after profile-before-change notification. Ignoring timer registration for id: telemetry_modules_ping
Unable to read VR Path Registry from C:\Users\fengjing\AppData\Local\openvr\openvrpaths.vrpath
[GPU 3828, Chrome_ChildThread] WARNING: pipe error: 109: file z:/build/build/src/ipc/chromium/src/chrome/common/ipc_channel_win.cc, line 346

###!!! [Child][MessageChannel::SendAndWait] Error: Channel error: cannot send/recv

1514888794598	geckodriver	INFO	geckodriver 0.19.1
1514888794627	geckodriver	INFO	Listening on 127.0.0.1:17968
1514888796727	mozrunner::runner	INFO	Running command: "C:\\Program Files (x86)\\Mozilla Firefox\\firefox.exe" "-marionette" "-profile" "C:\\Users\\fengjing\\AppData\\Local\\Temp\\rust_mozprofile.og0xPKnX4HWF"
1514888797240	Marionette	INFO	Enabled via --marionette
Unable to read VR Path Registry from C:\Users\fengjing\AppData\Local\openvr\openvrpaths.vrpath
[Child 9488, Chrome_ChildThread] WARNING: pipe error: 109: file z:/build/build/src/ipc/chromium/src/chrome/common/ipc_channel_win.cc, line 346
[Child 9488, Chrome_ChildThread] WARNING: pipe error: 109: file z:/build/build/src/ipc/chromium/src/chrome/common/ipc_channel_win.cc, line 346
1514888798054	Marionette	INFO	Listening on port 17981
1514888798374	Marionette	WARN	TLS certificate errors will be ignored for this session
1514888798405	Marionette	DEBUG	Register listener.js for window 4294967297
1514888798418	Marionette	DEBUG	Received DOM event "beforeunload" for "about:blank"
1514888798713	Marionette	DEBUG	Received DOM event "pagehide" for "about:blank"
1514888798714	Marionette	DEBUG	Received DOM event "unload" for "about:blank"
1514888799077	Marionette	DEBUG	Received DOM event "DOMContentLoaded" for "https://www.douyu.com/kpl"
1514888799347	Marionette	DEBUG	Received DOM event "pageshow" for "https://www.douyu.com/kpl"
Unable to read VR Path Registry from C:\Users\fengjing\AppData\Local\openvr\openvrpaths.vrpath
JavaScript warning: https://staticlive.douyucdn.cn/common/js/jquery.min.js, line 1: Using //@ to indicate sourceMappingURL pragmas is deprecated. Use //# instead
JavaScript warning: https://staticlive.douyucdn.cn/common/js/common.js?v201707213v102957, line 4488: unreachable code after return statement
JavaScript warning: https://staticlive.douyucdn.cn/common/js/common.js?v201707213v102957, line 6321: unreachable code after return statement
JavaScript error: https://staticlive.douyucdn.cn/common/js/common.js?v201707213v102957, line 60: NS_ERROR_NOT_INITIALIZED: 
Unable to read VR Path Registry from C:\Users\fengjing\AppData\Local\openvr\openvrpaths.vrpath
[Parent 29968, Gecko_IOThread] WARNING: pipe error: 109: file z:/build/build/src/ipc/chromium/src/chrome/common/ipc_channel_win.cc, line 346
Unable to read VR Path Registry from C:\Users\fengjing\AppData\Local\openvr\openvrpaths.vrpath
[Child 10720, Chrome_ChildThread] WARNING: pipe error: 109: file z:/build/build/src/ipc/chromium/src/chrome/common/ipc_channel_win.cc, line 346
[Child 10720, Chrome_ChildThread] WARNING: pipe error: 109: file z:/build/build/src/ipc/chromium/src/chrome/common/ipc_channel_win.cc, line 346
[Parent 29968, Gecko_IOThread] WARNING: pipe error: 109: file z:/build/build/src/ipc/chromium/src/chrome/common/ipc_channel_win.cc, line 346
[Child 1604, Chrome_ChildThread] WARNING: pipe error: 109: file z:/build/build/src/ipc/chromium/src/chrome/common/ipc_channel_win.cc, line 346
[Child 1604, Chrome_ChildThread] WARNING: pipe error: 109: file z:/build/build/src/ipc/chromium/src/chrome/common/ipc_channel_win.cc, line 346
*** UTM:SVC TimerManager:registerTimer called after profile-before-change notification. Ignoring timer registration for id: telemetry_modules_ping
Unable to read VR Path Registry from C:\Users\fengjing\AppData\Local\openvr\openvrpaths.vrpath
[GPU 10296, Chrome_ChildThread] WARNING: pipe error: 109: file z:/build/build/src/ipc/chromium/src/chrome/common/ipc_channel_win.cc, line 346

###!!! [Child][MessageChannel::SendAndWait] Error: Channel error: cannot send/recv

1514888843732	geckodriver	INFO	geckodriver 0.19.1
1514888843758	geckodriver	INFO	Listening on 127.0.0.1:18170
1514888845882	mozrunner::runner	INFO	Running command: "C:\\Program Files (x86)\\Mozilla Firefox\\firefox.exe" "-marionette" "-profile" "C:\\Users\\fengjing\\AppData\\Local\\Temp\\rust_mozprofile.5g4iqJ6Sdu4Q"
1514888846246	Marionette	INFO	Enabled via --marionette
Unable to read VR Path Registry from C:\Users\fengjing\AppData\Local\openvr\openvrpaths.vrpath
[Child 32552, Chrome_ChildThread] WARNING: pipe error: 109: file z:/build/build/src/ipc/chromium/src/chrome/common/ipc_channel_win.cc, line 346
[Child 32552, Chrome_ChildThread] WARNING: pipe error: 109: file z:/build/build/src/ipc/chromium/src/chrome/common/ipc_channel_win.cc, line 346
1514888847016	Marionette	INFO	Listening on port 18180
1514888847400	Marionette	WARN	TLS certificate errors will be ignored for this session
1514888847429	Marionette	DEBUG	Register listener.js for window 4294967297
1514888847443	Marionette	DEBUG	Received DOM event "beforeunload" for "about:blank"
1514888847746	Marionette	DEBUG	Received DOM event "pagehide" for "about:blank"
1514888847747	Marionette	DEBUG	Received DOM event "unload" for "about:blank"
1514888848080	Marionette	DEBUG	Received DOM event "DOMContentLoaded" for "https://www.douyu.com/kpl"
1514888848373	Marionette	DEBUG	Received DOM event "pageshow" for "https://www.douyu.com/kpl"
Unable to read VR Path Registry from C:\Users\fengjing\AppData\Local\openvr\openvrpaths.vrpath
[Parent 26408, Gecko_IOThread] WARNING: pipe error: 109: file z:/build/build/src/ipc/chromium/src/chrome/common/ipc_channel_win.cc, line 346
[Parent 26408, Gecko_IOThread] WARNING: pipe error: 109: file z:/build/build/src/ipc/chromium/src/chrome/common/ipc_channel_win.cc, line 346
Unable to read VR Path Registry from C:\Users\fengjing\AppData\Local\openvr\openvrpaths.vrpath
[Child 30332, Chrome_ChildThread] WARNING: pipe error: 109: file z:/build/build/src/ipc/chromium/src/chrome/common/ipc_channel_win.cc, line 346
[Child 30332, Chrome_ChildThread] WARNING: pipe error: 109: file z:/build/build/src/ipc/chromium/src/chrome/common/ipc_channel_win.cc, line 346
Unable to read VR Path Registry from C:\Users\fengjing\AppData\Local\openvr\openvrpaths.vrpath
[Child 26384, Chrome_ChildThread] WARNING: pipe error: 109: file z:/build/build/src/ipc/chromium/src/chrome/common/ipc_channel_win.cc, line 346
[Child 26384, Chrome_ChildThread] WARNING: pipe error: 109: file z:/build/build/src/ipc/chromium/src/chrome/common/ipc_channel_win.cc, line 346
*** UTM:SVC TimerManager:registerTimer called after profile-before-change notification. Ignoring timer registration for id: telemetry_modules_ping
Unable to read VR Path Registry from C:\Users\fengjing\AppData\Local\openvr\openvrpaths.vrpath
[GPU 19864, Chrome_ChildThread] WARNING: pipe error: 109: file z:/build/build/src/ipc/chromium/src/chrome/common/ipc_channel_win.cc, line 346

###!!! [Child][MessageChannel::SendAndWait] Error: Channel error: cannot send/recv

1514888874950	geckodriver	INFO	geckodriver 0.19.1
1514888874975	geckodriver	INFO	Listening on 127.0.0.1:18293
1514888877093	mozrunner::runner	INFO	Running command: "C:\\Program Files (x86)\\Mozilla Firefox\\firefox.exe" "-marionette" "-profile" "C:\\Users\\fengjing\\AppData\\Local\\Temp\\rust_mozprofile.zTkaOcbCxhT0"
1514888877466	Marionette	INFO	Enabled via --marionette
Unable to read VR Path Registry from C:\Users\fengjing\AppData\Local\openvr\openvrpaths.vrpath
[Parent 26688, Gecko_IOThread] WARNING: pipe error: 109: file z:/build/build/src/ipc/chromium/src/chrome/common/ipc_channel_win.cc, line 346
Unable to read VR Path Registry from C:\Users\fengjing\AppData\Local\openvr\openvrpaths.vrpath
[Child 25844, Chrome_ChildThread] WARNING: pipe error: 109: file z:/build/build/src/ipc/chromium/src/chrome/common/ipc_channel_win.cc, line 346
[Child 25844, Chrome_ChildThread] WARNING: pipe error: 109: file z:/build/build/src/ipc/chromium/src/chrome/common/ipc_channel_win.cc, line 346
1514888878253	Marionette	INFO	Listening on port 18303
1514888878607	Marionette	WARN	TLS certificate errors will be ignored for this session
1514888878636	Marionette	DEBUG	Register listener.js for window 4294967297
1514888878649	Marionette	DEBUG	Received DOM event "beforeunload" for "about:blank"
1514888879023	Marionette	DEBUG	Received DOM event "pagehide" for "about:blank"
1514888879024	Marionette	DEBUG	Received DOM event "unload" for "about:blank"
1514888879557	Marionette	DEBUG	Received DOM event "DOMContentLoaded" for "https://www.douyu.com/kpl"
1514888879776	Marionette	DEBUG	Received DOM event "pageshow" for "https://www.douyu.com/kpl"
[Parent 26688, Gecko_IOThread] WARNING: pipe error: 109: file z:/build/build/src/ipc/chromium/src/chrome/common/ipc_channel_win.cc, line 346
Unable to read VR Path Registry from C:\Users\fengjing\AppData\Local\openvr\openvrpaths.vrpath
[Child 8040, Chrome_ChildThread] WARNING: pipe error: 109: file z:/build/build/src/ipc/chromium/src/chrome/common/ipc_channel_win.cc, line 346
[Child 8040, Chrome_ChildThread] WARNING: pipe error: 109: file z:/build/build/src/ipc/chromium/src/chrome/common/ipc_channel_win.cc, line 346
Unable to read VR Path Registry from C:\Users\fengjing\AppData\Local\openvr\openvrpaths.vrpath
[Child 30516, Chrome_ChildThread] WARNING: pipe error: 109: file z:/build/build/src/ipc/chromium/src/chrome/common/ipc_channel_win.cc, line 346
[Child 30516, Chrome_ChildThread] WARNING: pipe error: 109: file z:/build/build/src/ipc/chromium/src/chrome/common/ipc_channel_win.cc, line 346
Unable to read VR Path Registry from C:\Users\fengjing\AppData\Local\openvr\openvrpaths.vrpath
[Child 14920, Chrome_ChildThread] WARNING: pipe error: 109: file z:/build/build/src/ipc/chromium/src/chrome/common/ipc_channel_win.cc, line 346
[Child 14920, Chrome_ChildThread] WARNING: pipe error: 109: file z:/build/build/src/ipc/chromium/src/chrome/common/ipc_channel_win.cc, line 346
Unable to read VR Path Registry from C:\Users\fengjing\AppData\Local\openvr\openvrpaths.vrpath
[GPU 22144, Chrome_ChildThread] WARNING: pipe error: 109: file z:/build/build/src/ipc/chromium/src/chrome/common/ipc_channel_win.cc, line 346

###!!! [Child][MessageChannel::SendAndWait] Error: Channel error: cannot send/recv

1514889029929	geckodriver	INFO	geckodriver 0.19.1
1514889029957	geckodriver	INFO	Listening on 127.0.0.1:18791
1514889032063	mozrunner::runner	INFO	Running command: "C:\\Program Files (x86)\\Mozilla Firefox\\firefox.exe" "-marionette" "-profile" "C:\\Users\\fengjing\\AppData\\Local\\Temp\\rust_mozprofile.iKcgx6BTs1tD"
1514889032433	Marionette	INFO	Enabled via --marionette
Unable to read VR Path Registry from C:\Users\fengjing\AppData\Local\openvr\openvrpaths.vrpath
[Child 4352, Chrome_ChildThread] WARNING: pipe error: 109: file z:/build/build/src/ipc/chromium/src/chrome/common/ipc_channel_win.cc, line 346
[Child 4352, Chrome_ChildThread] WARNING: pipe error: 109: file z:/build/build/src/ipc/chromium/src/chrome/common/ipc_channel_win.cc, line 346
1514889033234	Marionette	INFO	Listening on port 18801
1514889033577	Marionette	WARN	TLS certificate errors will be ignored for this session
1514889033606	Marionette	DEBUG	Register listener.js for window 4294967297
1514889033620	Marionette	DEBUG	Received DOM event "beforeunload" for "about:blank"
1514889033983	Marionette	DEBUG	Received DOM event "pagehide" for "about:blank"
1514889033984	Marionette	DEBUG	Received DOM event "unload" for "about:blank"
1514889042801	Marionette	DEBUG	Received DOM event "DOMContentLoaded" for "https://www.douyu.com/kpl"
1514889043036	Marionette	DEBUG	Received DOM event "pageshow" for "https://www.douyu.com/kpl"
Unable to read VR Path Registry from C:\Users\fengjing\AppData\Local\openvr\openvrpaths.vrpath
JavaScript warning: https://staticlive.douyucdn.cn/common/js/jquery.min.js, line 1: Using //@ to indicate sourceMappingURL pragmas is deprecated. Use //# instead
JavaScript warning: https://staticlive.douyucdn.cn/common/js/common.js?v201707213v102957, line 4488: unreachable code after return statement
JavaScript warning: https://staticlive.douyucdn.cn/common/js/common.js?v201707213v102957, line 6321: unreachable code after return statement
Unable to read VR Path Registry from C:\Users\fengjing\AppData\Local\openvr\openvrpaths.vrpath
[Parent 29256, Gecko_IOThread] WARNING: pipe error: 109: file z:/build/build/src/ipc/chromium/src/chrome/common/ipc_channel_win.cc, line 346
Unable to read VR Path Registry from C:\Users\fengjing\AppData\Local\openvr\openvrpaths.vrpath
[Child 7176, Chrome_ChildThread] WARNING: pipe error: 109: file z:/build/build/src/ipc/chromium/src/chrome/common/ipc_channel_win.cc, line 346
[Child 7176, Chrome_ChildThread] WARNING: pipe error: 109: file z:/build/build/src/ipc/chromium/src/chrome/common/ipc_channel_win.cc, line 346
[Child 12260, Chrome_ChildThread] WARNING: pipe error: 109: file z:/build/build/src/ipc/chromium/src/chrome/common/ipc_channel_win.cc, line 346
[Child 12260, Chrome_ChildThread] WARNING: pipe error: 109: file z:/build/build/src/ipc/chromium/src/chrome/common/ipc_channel_win.cc, line 346
Unable to read VR Path Registry from C:\Users\fengjing\AppData\Local\openvr\openvrpaths.vrpath
[GPU 16768, Chrome_ChildThread] WARNING: pipe error: 109: file z:/build/build/src/ipc/chromium/src/chrome/common/ipc_channel_win.cc, line 346

###!!! [Child][MessageChannel::SendAndWait] Error: Channel error: cannot send/recv

